<?xml version="1.0" encoding="UTF-8"?>
<testng-results ignored="0" total="19" passed="19" failed="0" skipped="0">
  <reporter-output>
  </reporter-output>
  <suite started-at="2026-06-21T13:02:14 IST" name="Suite" finished-at="2026-06-21T13:03:46 IST" duration-ms="91500">
    <groups>
    </groups>
    <test started-at="2026-06-21T13:02:14 IST" name="Test" finished-at="2026-06-21T13:03:46 IST" duration-ms="91500">
      <class name="com.tests.GetAllCourseStructureTest">
        <test-method signature="getAllCourse()[pri:0, instance:com.tests.GetAllCourseStructureTest@565f390]" started-at="2026-06-21T13:02:25 IST" name="getAllCourse" finished-at="2026-06-21T13:02:31 IST" duration-ms="6406" status="PASS">
          <reporter-output>
          </reporter-output>
        </test-method> <!-- getAllCourse -->
      </class> <!-- com.tests.GetAllCourseStructureTest -->
      <class name="com.tests.UpdateNote">
        <test-method signature="updateNoteById()[pri:0, instance:com.tests.UpdateNote@7dc3712]" started-at="2026-06-21T13:02:31 IST" name="updateNoteById" finished-at="2026-06-21T13:02:41 IST" duration-ms="9440" status="PASS">
          <reporter-output>
          </reporter-output>
        </test-method> <!-- updateNoteById -->
      </class> <!-- com.tests.UpdateNote -->
      <class name="com.tests.DeleteNote">
        <test-method signature="deleteNoteById()[pri:0, instance:com.tests.DeleteNote@311bf055]" started-at="2026-06-21T13:03:29 IST" name="deleteNoteById" finished-at="2026-06-21T13:03:35 IST" duration-ms="6555" status="PASS">
          <reporter-output>
          </reporter-output>
        </test-method> <!-- deleteNoteById -->
        <test-method signature="deleteNoteWithInvalidIdFormat()[pri:0, instance:com.tests.DeleteNote@311bf055]" started-at="2026-06-21T13:03:35 IST" name="deleteNoteWithInvalidIdFormat" finished-at="2026-06-21T13:03:40 IST" duration-ms="4686" status="PASS">
          <reporter-output>
          </reporter-output>
        </test-method> <!-- deleteNoteWithInvalidIdFormat -->
      </class> <!-- com.tests.DeleteNote -->
      <class name="com.tests.HealthCheckGet">
        <test-method signature="healthCheck()[pri:0, instance:com.tests.HealthCheckGet@6d5620ce]" started-at="2026-06-21T13:03:28 IST" name="healthCheck" finished-at="2026-06-21T13:03:29 IST" duration-ms="375" status="PASS">
          <reporter-output>
          </reporter-output>
        </test-method> <!-- healthCheck -->
      </class> <!-- com.tests.HealthCheckGet -->
      <class name="com.tests.EndToEndTest">
        <test-method signature="notesEndToEndFlow()[pri:0, instance:com.tests.EndToEndTest@2fb0623e]" started-at="2026-06-21T13:02:50 IST" name="notesEndToEndFlow" finished-at="2026-06-21T13:03:02 IST" duration-ms="12594" status="PASS">
          <reporter-output>
          </reporter-output>
        </test-method> <!-- notesEndToEndFlow -->
      </class> <!-- com.tests.EndToEndTest -->
      <class name="com.tests.GetInstitutionTest">
        <test-method signature="getAllInstitution()[pri:0, instance:com.tests.GetInstitutionTest@5e3f861]" started-at="2026-06-21T13:02:48 IST" name="getAllInstitution" finished-at="2026-06-21T13:02:49 IST" duration-ms="739" status="PASS">
          <reporter-output>
          </reporter-output>
        </test-method> <!-- getAllInstitution -->
        <test-method signature="getAllInstitution_InvalidEndpoint()[pri:0, instance:com.tests.GetInstitutionTest@5e3f861]" started-at="2026-06-21T13:02:49 IST" name="getAllInstitution_InvalidEndpoint" finished-at="2026-06-21T13:02:50 IST" duration-ms="1225" status="PASS">
          <reporter-output>
          </reporter-output>
        </test-method> <!-- getAllInstitution_InvalidEndpoint -->
      </class> <!-- com.tests.GetInstitutionTest -->
      <class name="com.tests.TooglePinNote">
        <test-method signature="togglePinNoteById()[pri:0, instance:com.tests.TooglePinNote@2f67a4d3]" started-at="2026-06-21T13:02:41 IST" name="togglePinNoteById" finished-at="2026-06-21T13:02:48 IST" duration-ms="6897" status="PASS">
          <reporter-output>
          </reporter-output>
        </test-method> <!-- togglePinNoteById -->
      </class> <!-- com.tests.TooglePinNote -->
      <class name="com.tests.GetRolesTest">
        <test-method signature="getAllRoleswithToken()[pri:0, instance:com.tests.GetRolesTest@f58853c]" started-at="2026-06-21T13:02:14 IST" name="getAllRoleswithToken" finished-at="2026-06-21T13:02:24 IST" duration-ms="9607" status="PASS">
          <reporter-output>
          </reporter-output>
        </test-method> <!-- getAllRoleswithToken -->
        <test-method signature="getAllRoleswithoutToken()[pri:0, instance:com.tests.GetRolesTest@f58853c]" started-at="2026-06-21T13:02:24 IST" name="getAllRoleswithoutToken" finished-at="2026-06-21T13:02:25 IST" duration-ms="975" status="PASS">
          <reporter-output>
          </reporter-output>
        </test-method> <!-- getAllRoleswithoutToken -->
      </class> <!-- com.tests.GetRolesTest -->
      <class name="com.tests.GetAllNotesQP">
        <test-method signature="getAllNotesUsingQueryParameter()[pri:0, instance:com.tests.GetAllNotesQP@5be1d0a4]" started-at="2026-06-21T13:03:14 IST" name="getAllNotesUsingQueryParameter" finished-at="2026-06-21T13:03:19 IST" duration-ms="5385" status="PASS">
          <reporter-output>
          </reporter-output>
        </test-method> <!-- getAllNotesUsingQueryParameter -->
      </class> <!-- com.tests.GetAllNotesQP -->
      <class name="com.tests.GetNoteById">
        <test-method signature="getNoteByInvalidId()[pri:0, instance:com.tests.GetNoteById@49b2a47d]" started-at="2026-06-21T13:03:02 IST" name="getNoteByInvalidId" finished-at="2026-06-21T13:03:07 IST" duration-ms="4833" status="PASS">
          <reporter-output>
          </reporter-output>
        </test-method> <!-- getNoteByInvalidId -->
        <test-method signature="getNoteSpecificById()[pri:0, instance:com.tests.GetNoteById@49b2a47d]" started-at="2026-06-21T13:03:07 IST" name="getNoteSpecificById" finished-at="2026-06-21T13:03:14 IST" duration-ms="6392" status="PASS">
          <reporter-output>
          </reporter-output>
        </test-method> <!-- getNoteSpecificById -->
      </class> <!-- com.tests.GetNoteById -->
      <class name="com.tests.LoginTest">
        <test-method signature="invalidEmailLogin(java.lang.String,java.lang.String,java.lang.String,java.lang.String)[pri:0, instance:com.tests.LoginTest@415b0b49]" started-at="2026-06-21T13:03:20 IST" name="invalidEmailLogin" data-provider="invalidEmailData" finished-at="2026-06-21T13:03:21 IST" duration-ms="766" status="PASS">
          <params>
            <param index="0">
              <value>
                <![CDATA[make@gmail.com]]>
              </value>
            </param>
            <param index="1">
              <value>
                <![CDATA[123]]>
              </value>
            </param>
            <param index="2">
              <value>
                <![CDATA[400]]>
              </value>
            </param>
            <param index="3">
              <value>
                <![CDATA[Email is invalid]]>
              </value>
            </param>
          </params>
          <reporter-output>
          </reporter-output>
        </test-method> <!-- invalidEmailLogin -->
        <test-method signature="invalidLeaveEmptyFieldLogin(java.lang.String,java.lang.String,java.lang.String,java.lang.String)[pri:0, instance:com.tests.LoginTest@415b0b49]" started-at="2026-06-21T13:03:21 IST" name="invalidLeaveEmptyFieldLogin" data-provider="emptyData" finished-at="2026-06-21T13:03:21 IST" duration-ms="587" status="PASS">
          <params>
            <param index="0">
              <value>
                <![CDATA[]]>
              </value>
            </param>
            <param index="1">
              <value>
                <![CDATA[]]>
              </value>
            </param>
            <param index="2">
              <value>
                <![CDATA[400]]>
              </value>
            </param>
            <param index="3">
              <value>
                <![CDATA[All fields are required]]>
              </value>
            </param>
          </params>
          <reporter-output>
          </reporter-output>
        </test-method> <!-- invalidLeaveEmptyFieldLogin -->
        <test-method signature="invalidPasswordLogin(java.lang.String,java.lang.String,java.lang.String,java.lang.String)[pri:0, instance:com.tests.LoginTest@415b0b49]" started-at="2026-06-21T13:03:21 IST" name="invalidPasswordLogin" data-provider="invalidPasswordData" finished-at="2026-06-21T13:03:25 IST" duration-ms="3389" status="PASS">
          <params>
            <param index="0">
              <value>
                <![CDATA[sam@gmail.com]]>
              </value>
            </param>
            <param index="1">
              <value>
                <![CDATA[143]]>
              </value>
            </param>
            <param index="2">
              <value>
                <![CDATA[400]]>
              </value>
            </param>
            <param index="3">
              <value>
                <![CDATA[Password is incorrect]]>
              </value>
            </param>
          </params>
          <reporter-output>
          </reporter-output>
        </test-method> <!-- invalidPasswordLogin -->
        <test-method signature="validLogin(java.lang.String,java.lang.String,java.lang.String,java.lang.String)[pri:0, instance:com.tests.LoginTest@415b0b49]" started-at="2026-06-21T13:03:25 IST" name="validLogin" data-provider="vData" finished-at="2026-06-21T13:03:28 IST" duration-ms="3691" status="PASS">
          <params>
            <param index="0">
              <value>
                <![CDATA[sam@gmail.com]]>
              </value>
            </param>
            <param index="1">
              <value>
                <![CDATA[123]]>
              </value>
            </param>
            <param index="2">
              <value>
                <![CDATA[201]]>
              </value>
            </param>
            <param index="3">
              <value>
                <![CDATA[valid]]>
              </value>
            </param>
          </params>
          <reporter-output>
          </reporter-output>
        </test-method> <!-- validLogin -->
      </class> <!-- com.tests.LoginTest -->
      <class name="com.tests.CreateNotesTest">
        <test-method signature="postNewNotes()[pri:0, instance:com.tests.CreateNotesTest@642a7222]" started-at="2026-06-21T13:03:40 IST" name="postNewNotes" finished-at="2026-06-21T13:03:46 IST" duration-ms="5705" status="PASS">
          <reporter-output>
          </reporter-output>
        </test-method> <!-- postNewNotes -->
      </class> <!-- com.tests.CreateNotesTest -->
    </test> <!-- Test -->
  </suite> <!-- Suite -->
</testng-results>
