<?xml version="1.0" encoding="UTF-8"?>
<testng-results ignored="0" total="3" passed="3" failed="0" skipped="0">
  <reporter-output>
  </reporter-output>
  <suite started-at="2026-06-22T21:45:07 IST" name="Default suite" finished-at="2026-06-22T21:45:29 IST" duration-ms="21999">
    <groups>
    </groups>
    <test started-at="2026-06-22T21:45:07 IST" name="Default test" finished-at="2026-06-22T21:45:29 IST" duration-ms="21999">
      <class name="com.tests.GetAllNotesQP">
        <test-method signature="getAllNotes_withDifferentQueryParams()[pri:0, instance:com.tests.GetAllNotesQP@12591ac8]" started-at="2026-06-22T21:45:07 IST" name="getAllNotes_withDifferentQueryParams" finished-at="2026-06-22T21:45:17 IST" duration-ms="10048" status="PASS">
          <reporter-output>
          </reporter-output>
        </test-method> <!-- getAllNotes_withDifferentQueryParams -->
        <test-method signature="getAllNotes_withQueryParams()[pri:0, instance:com.tests.GetAllNotesQP@12591ac8]" started-at="2026-06-22T21:45:17 IST" name="getAllNotes_withQueryParams" finished-at="2026-06-22T21:45:23 IST" duration-ms="5710" status="PASS">
          <reporter-output>
          </reporter-output>
        </test-method> <!-- getAllNotes_withQueryParams -->
        <test-method signature="getAllNotes_withoutQueryParams()[pri:0, instance:com.tests.GetAllNotesQP@12591ac8]" started-at="2026-06-22T21:45:23 IST" name="getAllNotes_withoutQueryParams" finished-at="2026-06-22T21:45:29 IST" duration-ms="6031" status="PASS">
          <reporter-output>
          </reporter-output>
        </test-method> <!-- getAllNotes_withoutQueryParams -->
      </class> <!-- com.tests.GetAllNotesQP -->
    </test> <!-- Default test -->
  </suite> <!-- Default suite -->
</testng-results>
