<?xml version="1.0" encoding="UTF-8"?>
<!-- Generated by org.testng.reporters.JUnitXMLReporter -->
<testsuite ignored="0" hostname="LAPTOP-E70RRGE0" failures="0" tests="3" name="Default test" time="21.999" errors="0" timestamp="2026-06-22T21:45:29 IST">
  <testcase classname="com.tests.GetAllNotesQP" name="getAllNotes_withDifferentQueryParams" time="10.048"/>
  <testcase classname="com.tests.GetAllNotesQP" name="getAllNotes_withQueryParams" time="5.71"/>
  <testcase classname="com.tests.GetAllNotesQP" name="getAllNotes_withoutQueryParams" time="6.031"/>
</testsuite> <!-- Default test -->
