<?xml version="1.0" encoding="UTF-8"?>
<!-- Generated by org.testng.reporters.JUnitXMLReporter -->
<testsuite ignored="0" hostname="LAPTOP-E70RRGE0" failures="0" tests="19" name="Test" time="91.5" errors="0" timestamp="2026-06-21T13:03:46 IST">
  <testcase classname="com.tests.GetRolesTest" name="getAllRoleswithToken" time="9.607"/>
  <testcase classname="com.tests.GetRolesTest" name="getAllRoleswithoutToken" time="0.975"/>
  <testcase classname="com.tests.GetAllCourseStructureTest" name="getAllCourse" time="6.406"/>
  <testcase classname="com.tests.UpdateNote" name="updateNoteById" time="9.44"/>
  <testcase classname="com.tests.TooglePinNote" name="togglePinNoteById" time="6.897"/>
  <testcase classname="com.tests.GetInstitutionTest" name="getAllInstitution" time="0.739"/>
  <testcase classname="com.tests.GetInstitutionTest" name="getAllInstitution_InvalidEndpoint" time="1.225"/>
  <testcase classname="com.tests.EndToEndTest" name="notesEndToEndFlow" time="12.594"/>
  <testcase classname="com.tests.GetNoteById" name="getNoteByInvalidId" time="4.833"/>
  <testcase classname="com.tests.GetNoteById" name="getNoteSpecificById" time="6.392"/>
  <testcase classname="com.tests.GetAllNotesQP" name="getAllNotesUsingQueryParameter" time="5.385"/>
  <testcase classname="com.tests.LoginTest" name="invalidEmailLogin" time="0.766"/>
  <testcase classname="com.tests.LoginTest" name="invalidLeaveEmptyFieldLogin" time="0.587"/>
  <testcase classname="com.tests.LoginTest" name="invalidPasswordLogin" time="3.389"/>
  <testcase classname="com.tests.LoginTest" name="validLogin" time="3.691"/>
  <testcase classname="com.tests.HealthCheckGet" name="healthCheck" time="0.375"/>
  <testcase classname="com.tests.DeleteNote" name="deleteNoteById" time="6.555"/>
  <testcase classname="com.tests.DeleteNote" name="deleteNoteWithInvalidIdFormat" time="4.686"/>
  <testcase classname="com.tests.CreateNotesTest" name="postNewNotes" time="5.705"/>
</testsuite> <!-- Test -->
