<?xml version="1.0" encoding="UTF-8"?>
<testng-results ignored="0" total="1" passed="1" failed="0" skipped="0">
  <reporter-output>
  </reporter-output>
  <suite started-at="2026-06-17T22:06:46 IST" name="Default suite" finished-at="2026-06-17T22:06:51 IST" duration-ms="5429">
    <groups>
    </groups>
    <test started-at="2026-06-17T22:06:46 IST" name="Default test" finished-at="2026-06-17T22:06:51 IST" duration-ms="5429">
      <class name="com.test.MyLoginTest">
        <test-method signature="loginTest()[pri:0, instance:com.test.MyLoginTest@78fa769e]" started-at="2026-06-17T22:06:46 IST" name="loginTest" finished-at="2026-06-17T22:06:51 IST" duration-ms="5221" status="PASS">
          <reporter-output>
          </reporter-output>
        </test-method> <!-- loginTest -->
      </class> <!-- com.test.MyLoginTest -->
    </test> <!-- Default test -->
  </suite> <!-- Default suite -->
</testng-results>
