<?xml version="1.0" encoding="UTF-8"?>
<testng-results ignored="0" total="1" passed="1" failed="0" skipped="0">
  <reporter-output>
  </reporter-output>
  <suite started-at="2026-06-16T16:04:06 IST" name="Default suite" finished-at="2026-06-16T16:04:09 IST" duration-ms="2779">
    <groups>
    </groups>
    <test started-at="2026-06-16T16:04:06 IST" name="Default test" finished-at="2026-06-16T16:04:09 IST" duration-ms="2779">
      <class name="com.test.OptionMethod">
        <test-method signature="getOption()[pri:0, instance:com.test.OptionMethod@78fa769e]" started-at="2026-06-16T16:04:06 IST" name="getOption" finished-at="2026-06-16T16:04:09 IST" duration-ms="2591" status="PASS">
          <reporter-output>
          </reporter-output>
        </test-method> <!-- getOption -->
      </class> <!-- com.test.OptionMethod -->
    </test> <!-- Default test -->
  </suite> <!-- Default suite -->
</testng-results>
