<?xml version="1.0" encoding="UTF-8"?>
<testng-results ignored="0" total="1" passed="1" failed="0" skipped="0">
  <reporter-output>
  </reporter-output>
  <suite started-at="2026-06-16T16:52:54 IST" name="Default suite" finished-at="2026-06-16T16:53:02 IST" duration-ms="8030">
    <groups>
    </groups>
    <test started-at="2026-06-16T16:52:54 IST" name="Default test" finished-at="2026-06-16T16:53:02 IST" duration-ms="8030">
      <class name="com.test.TutorialNinjaLogin">
        <test-method signature="validLogin()[pri:0, instance:com.test.TutorialNinjaLogin@4e0ae11f]" started-at="2026-06-16T16:52:54 IST" name="validLogin" finished-at="2026-06-16T16:53:02 IST" duration-ms="7863" status="PASS">
          <reporter-output>
          </reporter-output>
        </test-method> <!-- validLogin -->
      </class> <!-- com.test.TutorialNinjaLogin -->
    </test> <!-- Default test -->
  </suite> <!-- Default suite -->
</testng-results>
