<?xml version="1.0" encoding="UTF-8"?>
<!-- Generated by org.testng.reporters.JUnitReportReporter -->
<testsuite hostname="LAPTOP-E70RRGE0" failures="0" tests="3" name="com.tests.GetAllNotesQP" time="21.789" errors="0" timestamp="2026-06-22T21:45:29 IST" skipped="0">
  <testcase classname="com.tests.GetAllNotesQP" name="getAllNotes_withQueryParams" time="5.710"/>
  <testcase classname="com.tests.GetAllNotesQP" name="getAllNotes_withDifferentQueryParams" time="10.048"/>
  <testcase classname="com.tests.GetAllNotesQP" name="getAllNotes_withoutQueryParams" time="6.031"/>
</testsuite> <!-- com.tests.GetAllNotesQP -->
