<?xml version="1.0" encoding="UTF-8"?>
<!-- Generated by org.testng.reporters.JUnitReportReporter -->
<testsuite hostname="LAPTOP-E70RRGE0" failures="0" tests="4" name="com.tests.LoginTest" time="8.433" errors="0" timestamp="2026-06-21T13:03:46 IST" skipped="0">
  <testcase classname="com.tests.LoginTest" name="invalidPasswordLogin" time="3.389"/>
  <testcase classname="com.tests.LoginTest" name="validLogin" time="3.691"/>
  <testcase classname="com.tests.LoginTest" name="invalidEmailLogin" time="0.766"/>
  <testcase classname="com.tests.LoginTest" name="invalidLeaveEmptyFieldLogin" time="0.587"/>
</testsuite> <!-- com.tests.LoginTest -->
