<?xml version="1.0" encoding="UTF-8"?>
<!-- Generated by org.testng.reporters.JUnitReportReporter -->
<testsuite hostname="LAPTOP-E70RRGE0" failures="0" tests="2" name="com.tests.GetInstitutionTest" time="1.964" errors="0" timestamp="2026-06-21T13:03:46 IST" skipped="0">
  <testcase classname="com.tests.GetInstitutionTest" name="getAllInstitution" time="0.739"/>
  <testcase classname="com.tests.GetInstitutionTest" name="getAllInstitution_InvalidEndpoint" time="1.225"/>
</testsuite> <!-- com.tests.GetInstitutionTest -->
